0 info it worked if it ends with ok
1 verbose cli [ 'C:\\Program Files (x86)\\nodejs\\node.exe',
1 verbose cli   'C:\\Users\\tony\\AppData\\Roaming\\npm\\node_modules\\npm\\bin\\npm-cli.js',
1 verbose cli   'view',
1 verbose cli   'yi-first-package' ]
2 info using npm@4.1.2
3 info using node@v4.4.3
4 silly mapToRegistry name yi-first-package
5 silly mapToRegistry using default registry
6 silly mapToRegistry registry https://registry.npmjs.org/
7 silly mapToRegistry data Result {
7 silly mapToRegistry   raw: 'yi-first-package',
7 silly mapToRegistry   scope: null,
7 silly mapToRegistry   escapedName: 'yi-first-package',
7 silly mapToRegistry   name: 'yi-first-package',
7 silly mapToRegistry   rawSpec: '',
7 silly mapToRegistry   spec: 'latest',
7 silly mapToRegistry   type: 'tag' }
8 silly mapToRegistry uri https://registry.npmjs.org/yi-first-package
9 verbose request uri https://registry.npmjs.org/yi-first-package
10 verbose request no auth needed
11 info attempt registry request try #1 at 14:22:45
12 verbose request id d689276c6be6a466
13 http request GET https://registry.npmjs.org/yi-first-package
14 http 404 https://registry.npmjs.org/yi-first-package
15 verbose headers { 'content-type': 'application/json',
15 verbose headers   'cache-control': 'max-age=0',
15 verbose headers   'content-length': '2',
15 verbose headers   'accept-ranges': 'bytes',
15 verbose headers   date: 'Thu, 09 Feb 2017 06:22:46 GMT',
15 verbose headers   via: '1.1 varnish',
15 verbose headers   age: '0',
15 verbose headers   connection: 'keep-alive',
15 verbose headers   'x-served-by': 'cache-sin6920-SIN',
15 verbose headers   'x-cache': 'MISS',
15 verbose headers   'x-cache-hits': '0',
15 verbose headers   'x-timer': 'S1486621365.385309,VS0,VE951',
15 verbose headers   vary: 'Accept-Encoding' }
16 silly get cb [ 404,
16 silly get   { 'content-type': 'application/json',
16 silly get     'cache-control': 'max-age=0',
16 silly get     'content-length': '2',
16 silly get     'accept-ranges': 'bytes',
16 silly get     date: 'Thu, 09 Feb 2017 06:22:46 GMT',
16 silly get     via: '1.1 varnish',
16 silly get     age: '0',
16 silly get     connection: 'keep-alive',
16 silly get     'x-served-by': 'cache-sin6920-SIN',
16 silly get     'x-cache': 'MISS',
16 silly get     'x-cache-hits': '0',
16 silly get     'x-timer': 'S1486621365.385309,VS0,VE951',
16 silly get     vary: 'Accept-Encoding' } ]
17 verbose stack Error: Registry returned 404 for GET on https://registry.npmjs.org/yi-first-package
17 verbose stack     at makeError (C:\Users\tony\AppData\Roaming\npm\node_modules\npm\node_modules\npm-registry-client\lib\request.js:304:12)
17 verbose stack     at CachingRegistryClient.<anonymous> (C:\Users\tony\AppData\Roaming\npm\node_modules\npm\node_modules\npm-registry-client\lib\request.js:282:14)
17 verbose stack     at Request._callback (C:\Users\tony\AppData\Roaming\npm\node_modules\npm\node_modules\npm-registry-client\lib\request.js:212:14)
17 verbose stack     at Request.self.callback (C:\Users\tony\AppData\Roaming\npm\node_modules\npm\node_modules\request\request.js:186:22)
17 verbose stack     at emitTwo (events.js:87:13)
17 verbose stack     at Request.emit (events.js:172:7)
17 verbose stack     at Request.<anonymous> (C:\Users\tony\AppData\Roaming\npm\node_modules\npm\node_modules\request\request.js:1081:10)
17 verbose stack     at emitOne (events.js:77:13)
17 verbose stack     at Request.emit (events.js:169:7)
17 verbose stack     at IncomingMessage.<anonymous> (C:\Users\tony\AppData\Roaming\npm\node_modules\npm\node_modules\request\request.js:1001:12)
18 verbose statusCode 404
19 verbose pkgid yi-first-package
20 verbose cwd C:\nodetest
21 error Windows_NT 10.0.14393
22 error argv "C:\\Program Files (x86)\\nodejs\\node.exe" "C:\\Users\\tony\\AppData\\Roaming\\npm\\node_modules\\npm\\bin\\npm-cli.js" "view" "yi-first-package"
23 error node v4.4.3
24 error npm  v4.1.2
25 error code E404
26 error 404 Registry returned 404 for GET on https://registry.npmjs.org/yi-first-package
27 error 404
28 error 404 'yi-first-package' is not in the npm registry.
29 error 404 You should bug the author to publish it (or use the name yourself!)
30 error 404 Note that you can also install from a
31 error 404 tarball, folder, http url, or git url.
32 verbose exit [ 1, true ]
